<?xml version="1.0" encoding="UTF-8"?>
<testsuite failures="1" skipped="0" name="My suite" time="0.125" tests="5">
  <testcase classname="some feature" name="some feature › scenario with examples" time="0.001">
    <system-out><![CDATA[Given success step 3......................................................passed]]></system-out>
  </testcase>
  <testcase classname="some feature" name="some feature › scenario with examples [1]" time="0.004">
    <system-out><![CDATA[Given success step 2......................................................passed]]></system-out>
  </testcase>
  <testcase classname="some feature" name="some feature › success scenario" time="0.004">
    <system-out><![CDATA[Given success step 1......................................................passed
And success step 2........................................................passed]]></system-out>
  </testcase>
  <testcase classname="some feature" name="some feature › failing scenario" time="0.11499999999999999">
    <failure type="Error" message="Error: expect(received).toEqual(expected) // deep equality&#xA;&#xA;Expected: &quot;bar&quot;&#xA;Received: &quot;foo&quot;"><![CDATA[Error: expect(received).toEqual(expected) // deep equality

Expected: "bar"
Received: "foo"
   at ../features/steps.ts:11

   9 |
  10 | Given('failing step', async ({}) => {
> 11 |   expect('foo').toEqual('bar');
     |                 ^
  12 | });
  13 |]]></failure>
    <system-out><![CDATA[Given success step 1......................................................passed
And failing step..........................................................failed]]></system-out>
  </testcase>
  <testcase classname="some feature" name="some feature › scenario with examples [2]" time="0.001">
    <system-out><![CDATA[Given success step 4......................................................passed]]></system-out>
  </testcase>
</testsuite>